[     298ms] [VERBOSE] [DOM] Input elements should have autocomplete attributes (suggested: "current-password"): (More info: https://goo.gl/9p2vKq) %o @ http://localhost:3000/login:0
[     364ms] [INFO] %cDownload the React DevTools for a better development experience: https://react.dev/link/react-devtools font-weight:bold @ http://localhost:3000/_next/static/chunks/node_modules_next_dist_115brz8._.js:2431
[     451ms] [LOG] [HMR] connected @ http://localhost:3000/_next/static/chunks/node_modules_next_dist_115brz8._.js:2431
[     585ms] [LOG] [Fast Refresh] rebuilding @ http://localhost:3000/_next/static/chunks/node_modules_next_dist_115brz8._.js:2431
[     728ms] [LOG] [Fast Refresh] done in 243ms @ http://localhost:3000/_next/static/chunks/node_modules_next_dist_115brz8._.js:2431
[   10476ms] [LOG] [Fast Refresh] rebuilding @ http://localhost:3000/_next/static/chunks/node_modules_next_dist_115brz8._.js:2431
[   11348ms] [LOG] [Fast Refresh] done in 973ms @ http://localhost:3000/_next/static/chunks/node_modules_next_dist_115brz8._.js:2431
[   11546ms] [LOG] [Fast Refresh] rebuilding @ http://localhost:3000/_next/static/chunks/node_modules_next_dist_115brz8._.js:2431
[   11563ms] [LOG] [Fast Refresh] done in 126ms @ http://localhost:3000/_next/static/chunks/node_modules_next_dist_115brz8._.js:2431
[   11672ms] [ERROR] Failed to load resource: the server responded with a status of 500 (Internal Server Error) @ http://localhost:3000/api/recognition/54adde3a-7319-4a90-b10b-9d44ce0e6264/interactions:0
[   11673ms] [ERROR] Failed to load resource: the server responded with a status of 500 (Internal Server Error) @ http://localhost:3000/api/recognition/3da90ceb-e010-46b8-8f5b-6c9dc50f1cb7/interactions:0
[   11673ms] [ERROR] Failed to load resource: the server responded with a status of 500 (Internal Server Error) @ http://localhost:3000/api/recognition/6bcc0e83-cbf4-4d53-99c9-27d8e538b5fb/interactions:0
[   11673ms] [ERROR] Failed to load resource: the server responded with a status of 500 (Internal Server Error) @ http://localhost:3000/api/recognition/5c2b5dcf-b884-4e56-906a-d63b18706319/interactions:0
[   11677ms] [ERROR] Failed to load resource: the server responded with a status of 500 (Internal Server Error) @ http://localhost:3000/api/recognition/fdef36ca-1d18-4967-9d8a-6b8fc8cef968/interactions:0
[   11678ms] [ERROR] Failed to load resource: the server responded with a status of 500 (Internal Server Error) @ http://localhost:3000/api/recognition/0fa8d17c-9e3f-4672-bf42-ac7e0557bd33/interactions:0
[   11723ms] [ERROR] Failed to load resource: the server responded with a status of 500 (Internal Server Error) @ http://localhost:3000/api/recognition/93993306-1476-4c5f-a376-7cd07070f93f/interactions:0
[   11723ms] [ERROR] Failed to load resource: the server responded with a status of 500 (Internal Server Error) @ http://localhost:3000/api/recognition/1df7432b-80e8-4193-9ea0-0c0d485ffd85/interactions:0
[   11727ms] [ERROR] Failed to load resource: the server responded with a status of 500 (Internal Server Error) @ http://localhost:3000/api/recognition/cd9b5c89-cb9a-4abc-91cb-5499db0e7105/interactions:0
[   11730ms] [ERROR] Failed to load resource: the server responded with a status of 500 (Internal Server Error) @ http://localhost:3000/api/recognition/37588074-5acf-4080-9989-aa13e592c815/interactions:0
[   11734ms] [ERROR] Failed to load resource: the server responded with a status of 500 (Internal Server Error) @ http://localhost:3000/api/recognition/f9990c9f-487f-4a43-a5b1-a254589cbb8b/interactions:0
[   11757ms] [ERROR] Failed to load resource: the server responded with a status of 500 (Internal Server Error) @ http://localhost:3000/api/recognition/6b2ac7db-122e-42ee-b1fa-cf3e36a5127c/interactions:0
[   11772ms] [ERROR] Failed to load resource: the server responded with a status of 500 (Internal Server Error) @ http://localhost:3000/api/recognition/89e78369-5555-48e7-9620-a82ba4286a63/interactions:0
[   11775ms] [ERROR] Failed to load resource: the server responded with a status of 500 (Internal Server Error) @ http://localhost:3000/api/recognition/5a6709aa-a26b-48db-840b-7916c64df179/interactions:0
[   11785ms] [ERROR] Failed to load resource: the server responded with a status of 500 (Internal Server Error) @ http://localhost:3000/api/recognition/161d905c-1554-492e-9002-5f8c944db4ea/interactions:0
[   11791ms] [ERROR] Failed to load resource: the server responded with a status of 500 (Internal Server Error) @ http://localhost:3000/api/recognition/ae330820-f90d-4fd2-ab4a-057ce7160010/interactions:0
[   11796ms] [ERROR] Failed to load resource: the server responded with a status of 500 (Internal Server Error) @ http://localhost:3000/api/recognition/d70eedcd-1d9c-4550-ad67-f801ee6f6da1/interactions:0
[   11818ms] [ERROR] Failed to load resource: the server responded with a status of 500 (Internal Server Error) @ http://localhost:3000/api/recognition/05de20ff-0c93-46d2-892b-eea8d3e0721a/interactions:0
[   11821ms] [ERROR] Failed to load resource: the server responded with a status of 500 (Internal Server Error) @ http://localhost:3000/api/recognition/c64d815e-e645-45d1-8f79-ae003ec68d62/interactions:0
[   11823ms] [ERROR] Failed to load resource: the server responded with a status of 500 (Internal Server Error) @ http://localhost:3000/api/recognition/57a31133-5dce-43d3-9c28-49cec3a3b91a/interactions:0
[   11825ms] [ERROR] Failed to load resource: the server responded with a status of 500 (Internal Server Error) @ http://localhost:3000/api/recognition/dd4a4ac8-56db-4ac8-beca-100111ae1e43/interactions:0
[   11842ms] [LOG] [Fast Refresh] rebuilding @ http://localhost:3000/_next/static/chunks/node_modules_next_dist_115brz8._.js:2431
[   11947ms] [LOG] [Fast Refresh] done in 206ms @ http://localhost:3000/_next/static/chunks/node_modules_next_dist_115brz8._.js:2431
[   12693ms] [ERROR] Failed to load resource: the server responded with a status of 500 (Internal Server Error) @ http://localhost:3000/api/recognition/54adde3a-7319-4a90-b10b-9d44ce0e6264/interactions:0
[   12695ms] [ERROR] Failed to load resource: the server responded with a status of 500 (Internal Server Error) @ http://localhost:3000/api/recognition/3da90ceb-e010-46b8-8f5b-6c9dc50f1cb7/interactions:0
[   12697ms] [ERROR] Failed to load resource: the server responded with a status of 500 (Internal Server Error) @ http://localhost:3000/api/recognition/5c2b5dcf-b884-4e56-906a-d63b18706319/interactions:0
[   12697ms] [ERROR] Failed to load resource: the server responded with a status of 500 (Internal Server Error) @ http://localhost:3000/api/recognition/6bcc0e83-cbf4-4d53-99c9-27d8e538b5fb/interactions:0
[   12704ms] [ERROR] Failed to load resource: the server responded with a status of 500 (Internal Server Error) @ http://localhost:3000/api/recognition/fdef36ca-1d18-4967-9d8a-6b8fc8cef968/interactions:0
[   12706ms] [ERROR] Failed to load resource: the server responded with a status of 500 (Internal Server Error) @ http://localhost:3000/api/recognition/0fa8d17c-9e3f-4672-bf42-ac7e0557bd33/interactions:0
[   12736ms] [ERROR] Failed to load resource: the server responded with a status of 500 (Internal Server Error) @ http://localhost:3000/api/recognition/93993306-1476-4c5f-a376-7cd07070f93f/interactions:0
[   12737ms] [ERROR] Failed to load resource: the server responded with a status of 500 (Internal Server Error) @ http://localhost:3000/api/recognition/1df7432b-80e8-4193-9ea0-0c0d485ffd85/interactions:0
[   12745ms] [ERROR] Failed to load resource: the server responded with a status of 500 (Internal Server Error) @ http://localhost:3000/api/recognition/cd9b5c89-cb9a-4abc-91cb-5499db0e7105/interactions:0
[   12749ms] [ERROR] Failed to load resource: the server responded with a status of 500 (Internal Server Error) @ http://localhost:3000/api/recognition/37588074-5acf-4080-9989-aa13e592c815/interactions:0
[   12752ms] [ERROR] Failed to load resource: the server responded with a status of 500 (Internal Server Error) @ http://localhost:3000/api/recognition/f9990c9f-487f-4a43-a5b1-a254589cbb8b/interactions:0
[   12767ms] [ERROR] Failed to load resource: the server responded with a status of 500 (Internal Server Error) @ http://localhost:3000/api/recognition/6b2ac7db-122e-42ee-b1fa-cf3e36a5127c/interactions:0
[   12780ms] [LOG] [Fast Refresh] rebuilding @ http://localhost:3000/_next/static/chunks/node_modules_next_dist_115brz8._.js:2431
[   12784ms] [ERROR] Failed to load resource: the server responded with a status of 500 (Internal Server Error) @ http://localhost:3000/api/recognition/89e78369-5555-48e7-9620-a82ba4286a63/interactions:0
[   12784ms] [ERROR] Failed to load resource: the server responded with a status of 500 (Internal Server Error) @ http://localhost:3000/api/recognition/5a6709aa-a26b-48db-840b-7916c64df179/interactions:0
[   12795ms] [ERROR] Failed to load resource: the server responded with a status of 500 (Internal Server Error) @ http://localhost:3000/api/recognition/161d905c-1554-492e-9002-5f8c944db4ea/interactions:0
[   12804ms] [ERROR] Failed to load resource: the server responded with a status of 500 (Internal Server Error) @ http://localhost:3000/api/recognition/ae330820-f90d-4fd2-ab4a-057ce7160010/interactions:0
[   12808ms] [ERROR] Failed to load resource: the server responded with a status of 500 (Internal Server Error) @ http://localhost:3000/api/recognition/d70eedcd-1d9c-4550-ad67-f801ee6f6da1/interactions:0
[   12830ms] [ERROR] Failed to load resource: the server responded with a status of 500 (Internal Server Error) @ http://localhost:3000/api/recognition/05de20ff-0c93-46d2-892b-eea8d3e0721a/interactions:0
[   12833ms] [ERROR] Failed to load resource: the server responded with a status of 500 (Internal Server Error) @ http://localhost:3000/api/recognition/c64d815e-e645-45d1-8f79-ae003ec68d62/interactions:0
[   12837ms] [ERROR] Failed to load resource: the server responded with a status of 500 (Internal Server Error) @ http://localhost:3000/api/recognition/57a31133-5dce-43d3-9c28-49cec3a3b91a/interactions:0
[   12840ms] [ERROR] Failed to load resource: the server responded with a status of 500 (Internal Server Error) @ http://localhost:3000/api/recognition/dd4a4ac8-56db-4ac8-beca-100111ae1e43/interactions:0
[   12883ms] [LOG] [Fast Refresh] done in 204ms @ http://localhost:3000/_next/static/chunks/node_modules_next_dist_115brz8._.js:2431
[   14710ms] [ERROR] Failed to load resource: the server responded with a status of 500 (Internal Server Error) @ http://localhost:3000/api/recognition/54adde3a-7319-4a90-b10b-9d44ce0e6264/interactions:0
[   14725ms] [ERROR] Failed to load resource: the server responded with a status of 500 (Internal Server Error) @ http://localhost:3000/api/recognition/5c2b5dcf-b884-4e56-906a-d63b18706319/interactions:0
[   14725ms] [ERROR] Failed to load resource: the server responded with a status of 500 (Internal Server Error) @ http://localhost:3000/api/recognition/6bcc0e83-cbf4-4d53-99c9-27d8e538b5fb/interactions:0
[   14727ms] [ERROR] Failed to load resource: the server responded with a status of 500 (Internal Server Error) @ http://localhost:3000/api/recognition/fdef36ca-1d18-4967-9d8a-6b8fc8cef968/interactions:0
[   14728ms] [ERROR] Failed to load resource: the server responded with a status of 500 (Internal Server Error) @ http://localhost:3000/api/recognition/3da90ceb-e010-46b8-8f5b-6c9dc50f1cb7/interactions:0
[   14730ms] [ERROR] Failed to load resource: the server responded with a status of 500 (Internal Server Error) @ http://localhost:3000/api/recognition/0fa8d17c-9e3f-4672-bf42-ac7e0557bd33/interactions:0
[   14747ms] [ERROR] Failed to load resource: the server responded with a status of 500 (Internal Server Error) @ http://localhost:3000/api/recognition/93993306-1476-4c5f-a376-7cd07070f93f/interactions:0
[   14749ms] [ERROR] Failed to load resource: the server responded with a status of 500 (Internal Server Error) @ http://localhost:3000/api/recognition/1df7432b-80e8-4193-9ea0-0c0d485ffd85/interactions:0
[   14759ms] [ERROR] Failed to load resource: the server responded with a status of 500 (Internal Server Error) @ http://localhost:3000/api/recognition/cd9b5c89-cb9a-4abc-91cb-5499db0e7105/interactions:0
[   14768ms] [ERROR] Failed to load resource: the server responded with a status of 500 (Internal Server Error) @ http://localhost:3000/api/recognition/37588074-5acf-4080-9989-aa13e592c815/interactions:0
[   14769ms] [ERROR] Failed to load resource: the server responded with a status of 500 (Internal Server Error) @ http://localhost:3000/api/recognition/f9990c9f-487f-4a43-a5b1-a254589cbb8b/interactions:0
[   14776ms] [ERROR] Failed to load resource: the server responded with a status of 500 (Internal Server Error) @ http://localhost:3000/api/recognition/6b2ac7db-122e-42ee-b1fa-cf3e36a5127c/interactions:0
[   14796ms] [ERROR] Failed to load resource: the server responded with a status of 500 (Internal Server Error) @ http://localhost:3000/api/recognition/89e78369-5555-48e7-9620-a82ba4286a63/interactions:0
[   14796ms] [ERROR] Failed to load resource: the server responded with a status of 500 (Internal Server Error) @ http://localhost:3000/api/recognition/5a6709aa-a26b-48db-840b-7916c64df179/interactions:0
[   14801ms] [LOG] [Fast Refresh] rebuilding @ http://localhost:3000/_next/static/chunks/node_modules_next_dist_115brz8._.js:2431
[   14805ms] [ERROR] Failed to load resource: the server responded with a status of 500 (Internal Server Error) @ http://localhost:3000/api/recognition/161d905c-1554-492e-9002-5f8c944db4ea/interactions:0
[   14819ms] [ERROR] Failed to load resource: the server responded with a status of 500 (Internal Server Error) @ http://localhost:3000/api/recognition/ae330820-f90d-4fd2-ab4a-057ce7160010/interactions:0
[   14823ms] [ERROR] Failed to load resource: the server responded with a status of 500 (Internal Server Error) @ http://localhost:3000/api/recognition/d70eedcd-1d9c-4550-ad67-f801ee6f6da1/interactions:0
[   14843ms] [ERROR] Failed to load resource: the server responded with a status of 500 (Internal Server Error) @ http://localhost:3000/api/recognition/05de20ff-0c93-46d2-892b-eea8d3e0721a/interactions:0
[   14848ms] [ERROR] Failed to load resource: the server responded with a status of 500 (Internal Server Error) @ http://localhost:3000/api/recognition/c64d815e-e645-45d1-8f79-ae003ec68d62/interactions:0
[   14853ms] [ERROR] Failed to load resource: the server responded with a status of 500 (Internal Server Error) @ http://localhost:3000/api/recognition/57a31133-5dce-43d3-9c28-49cec3a3b91a/interactions:0
[   14855ms] [ERROR] Failed to load resource: the server responded with a status of 500 (Internal Server Error) @ http://localhost:3000/api/recognition/dd4a4ac8-56db-4ac8-beca-100111ae1e43/interactions:0
[   14905ms] [LOG] [Fast Refresh] done in 204ms @ http://localhost:3000/_next/static/chunks/node_modules_next_dist_115brz8._.js:2431
[   18736ms] [ERROR] Failed to load resource: the server responded with a status of 500 (Internal Server Error) @ http://localhost:3000/api/recognition/54adde3a-7319-4a90-b10b-9d44ce0e6264/interactions:0
[   18787ms] [ERROR] Failed to load resource: the server responded with a status of 500 (Internal Server Error) @ http://localhost:3000/api/recognition/5c2b5dcf-b884-4e56-906a-d63b18706319/interactions:0
[   18810ms] [ERROR] Failed to load resource: the server responded with a status of 500 (Internal Server Error) @ http://localhost:3000/api/recognition/fdef36ca-1d18-4967-9d8a-6b8fc8cef968/interactions:0
[   18829ms] [ERROR] Failed to load resource: the server responded with a status of 500 (Internal Server Error) @ http://localhost:3000/api/recognition/3da90ceb-e010-46b8-8f5b-6c9dc50f1cb7/interactions:0
[   18832ms] [ERROR] Failed to load resource: the server responded with a status of 500 (Internal Server Error) @ http://localhost:3000/api/recognition/6bcc0e83-cbf4-4d53-99c9-27d8e538b5fb/interactions:0
[   18843ms] [ERROR] Failed to load resource: the server responded with a status of 500 (Internal Server Error) @ http://localhost:3000/api/recognition/0fa8d17c-9e3f-4672-bf42-ac7e0557bd33/interactions:0
[   18855ms] [ERROR] Failed to load resource: the server responded with a status of 500 (Internal Server Error) @ http://localhost:3000/api/recognition/93993306-1476-4c5f-a376-7cd07070f93f/interactions:0
[   18865ms] [ERROR] Failed to load resource: the server responded with a status of 500 (Internal Server Error) @ http://localhost:3000/api/recognition/1df7432b-80e8-4193-9ea0-0c0d485ffd85/interactions:0
[   18891ms] [LOG] [Fast Refresh] rebuilding @ http://localhost:3000/_next/static/chunks/node_modules_next_dist_115brz8._.js:2431
[   18933ms] [ERROR] Failed to load resource: the server responded with a status of 500 (Internal Server Error) @ http://localhost:3000/api/recognition/cd9b5c89-cb9a-4abc-91cb-5499db0e7105/interactions:0
[   18944ms] [ERROR] Failed to load resource: the server responded with a status of 500 (Internal Server Error) @ http://localhost:3000/api/recognition/37588074-5acf-4080-9989-aa13e592c815/interactions:0
[   18948ms] [ERROR] Failed to load resource: the server responded with a status of 500 (Internal Server Error) @ http://localhost:3000/api/recognition/6b2ac7db-122e-42ee-b1fa-cf3e36a5127c/interactions:0
[   18955ms] [ERROR] Failed to load resource: the server responded with a status of 500 (Internal Server Error) @ http://localhost:3000/api/recognition/f9990c9f-487f-4a43-a5b1-a254589cbb8b/interactions:0
[   18978ms] [ERROR] Failed to load resource: the server responded with a status of 500 (Internal Server Error) @ http://localhost:3000/api/recognition/89e78369-5555-48e7-9620-a82ba4286a63/interactions:0
[   18980ms] [ERROR] Failed to load resource: the server responded with a status of 500 (Internal Server Error) @ http://localhost:3000/api/recognition/5a6709aa-a26b-48db-840b-7916c64df179/interactions:0
[   18991ms] [ERROR] Failed to load resource: the server responded with a status of 500 (Internal Server Error) @ http://localhost:3000/api/recognition/161d905c-1554-492e-9002-5f8c944db4ea/interactions:0
[   18995ms] [ERROR] Failed to load resource: the server responded with a status of 500 (Internal Server Error) @ http://localhost:3000/api/recognition/ae330820-f90d-4fd2-ab4a-057ce7160010/interactions:0
[   18997ms] [ERROR] Failed to load resource: the server responded with a status of 500 (Internal Server Error) @ http://localhost:3000/api/recognition/05de20ff-0c93-46d2-892b-eea8d3e0721a/interactions:0
[   18998ms] [ERROR] Failed to load resource: the server responded with a status of 500 (Internal Server Error) @ http://localhost:3000/api/recognition/d70eedcd-1d9c-4550-ad67-f801ee6f6da1/interactions:0
[   19017ms] [ERROR] Failed to load resource: the server responded with a status of 500 (Internal Server Error) @ http://localhost:3000/api/recognition/c64d815e-e645-45d1-8f79-ae003ec68d62/interactions:0
[   19019ms] [ERROR] Failed to load resource: the server responded with a status of 500 (Internal Server Error) @ http://localhost:3000/api/recognition/57a31133-5dce-43d3-9c28-49cec3a3b91a/interactions:0
[   19022ms] [ERROR] Failed to load resource: the server responded with a status of 500 (Internal Server Error) @ http://localhost:3000/api/recognition/dd4a4ac8-56db-4ac8-beca-100111ae1e43/interactions:0
[   19070ms] [LOG] [Fast Refresh] done in 284ms @ http://localhost:3000/_next/static/chunks/node_modules_next_dist_115brz8._.js:2431
[   58579ms] [ERROR] Failed to load resource: the server responded with a status of 404 (Not Found) @ http://localhost:3000/api/recognition/create/interactions:0
[   67292ms] [ERROR] Failed to load resource: the server responded with a status of 500 (Internal Server Error) @ http://localhost:3000/api/recognition/5c2b5dcf-b884-4e56-906a-d63b18706319/interactions:0
[   78091ms] [ERROR] Failed to load resource: the server responded with a status of 500 (Internal Server Error) @ http://localhost:3000/api/recognition/5c2b5dcf-b884-4e56-906a-d63b18706319/interactions:0
[   98424ms] [LOG] [Fast Refresh] rebuilding @ http://localhost:3000/_next/static/chunks/node_modules_next_dist_115brz8._.js:2431
[   98427ms] [LOG] [Fast Refresh] done in 105ms @ http://localhost:3000/_next/static/chunks/node_modules_next_dist_115brz8._.js:2431
[  111949ms] [LOG] [Fast Refresh] rebuilding @ http://localhost:3000/_next/static/chunks/node_modules_next_dist_115brz8._.js:2431
[  112015ms] [LOG] [Fast Refresh] done in 167ms @ http://localhost:3000/_next/static/chunks/node_modules_next_dist_115brz8._.js:2431
[  112040ms] [ERROR] Failed to load resource: the server responded with a status of 500 (Internal Server Error) @ http://localhost:3000/api/recognition/5c2b5dcf-b884-4e56-906a-d63b18706319/interactions:0
[  130766ms] [LOG] [Fast Refresh] rebuilding @ http://localhost:3000/_next/static/chunks/node_modules_next_dist_115brz8._.js:2431
[  131688ms] [ERROR] WebSocket connection to 'ws://localhost:3000/_next/webpack-hmr?id=j3gAEbOE1t8FJd_mlJEeF' failed: Error in connection establishment: net::ERR_CONNECTION_REFUSED @ http://localhost:3000/_next/static/chunks/node_modules_next_dist_client_0fhqo1d._.js:13299
[  132691ms] [ERROR] WebSocket connection to 'ws://localhost:3000/_next/webpack-hmr?id=j3gAEbOE1t8FJd_mlJEeF' failed: Error in connection establishment: net::ERR_CONNECTION_REFUSED @ http://localhost:3000/_next/static/chunks/node_modules_next_dist_client_0fhqo1d._.js:13299
[  133693ms] [ERROR] WebSocket connection to 'ws://localhost:3000/_next/webpack-hmr?id=j3gAEbOE1t8FJd_mlJEeF' failed: Error in connection establishment: net::ERR_CONNECTION_REFUSED @ http://localhost:3000/_next/static/chunks/node_modules_next_dist_client_0fhqo1d._.js:13299
[  134695ms] [ERROR] WebSocket connection to 'ws://localhost:3000/_next/webpack-hmr?id=j3gAEbOE1t8FJd_mlJEeF' failed: Error in connection establishment: net::ERR_CONNECTION_REFUSED @ http://localhost:3000/_next/static/chunks/node_modules_next_dist_client_0fhqo1d._.js:13299
[  135698ms] [ERROR] WebSocket connection to 'ws://localhost:3000/_next/webpack-hmr?id=j3gAEbOE1t8FJd_mlJEeF' failed: Error in connection establishment: net::ERR_CONNECTION_REFUSED @ http://localhost:3000/_next/static/chunks/node_modules_next_dist_client_0fhqo1d._.js:13299
[  140802ms] [LOG] [HMR] connected @ http://localhost:3000/_next/static/chunks/node_modules_next_dist_115brz8._.js:2431
[  141592ms] [INFO] %cDownload the React DevTools for a better development experience: https://react.dev/link/react-devtools font-weight:bold @ http://localhost:3000/_next/static/chunks/node_modules_next_dist_115brz8._.js:2431
[  141624ms] [LOG] [HMR] connected @ http://localhost:3000/_next/static/chunks/node_modules_next_dist_115brz8._.js:2431
[  142902ms] [LOG] [Fast Refresh] rebuilding @ http://localhost:3000/_next/static/chunks/node_modules_next_dist_115brz8._.js:2431
[  142904ms] [LOG] [Fast Refresh] done in 104ms @ http://localhost:3000/_next/static/chunks/node_modules_next_dist_115brz8._.js:2431
