[ 1934882ms] [ERROR] WebSocket connection to 'ws://localhost:3000/_next/webpack-hmr?id=Lxde2gdcFaM_bXvyHIhtp' failed: Error in connection establishment: net::ERR_CONNECTION_REFUSED @ http://localhost:3000/_next/static/chunks/node_modules_next_dist_client_0fhqo1d._.js:13299
[ 1935884ms] [ERROR] WebSocket connection to 'ws://localhost:3000/_next/webpack-hmr?id=Lxde2gdcFaM_bXvyHIhtp' failed: Error in connection establishment: net::ERR_CONNECTION_REFUSED @ http://localhost:3000/_next/static/chunks/node_modules_next_dist_client_0fhqo1d._.js:13299
[ 1936886ms] [ERROR] WebSocket connection to 'ws://localhost:3000/_next/webpack-hmr?id=Lxde2gdcFaM_bXvyHIhtp' failed: Error in connection establishment: net::ERR_CONNECTION_REFUSED @ http://localhost:3000/_next/static/chunks/node_modules_next_dist_client_0fhqo1d._.js:13299
[ 1937888ms] [ERROR] WebSocket connection to 'ws://localhost:3000/_next/webpack-hmr?id=Lxde2gdcFaM_bXvyHIhtp' failed: Error in connection establishment: net::ERR_CONNECTION_REFUSED @ http://localhost:3000/_next/static/chunks/node_modules_next_dist_client_0fhqo1d._.js:13299
[ 1938890ms] [ERROR] WebSocket connection to 'ws://localhost:3000/_next/webpack-hmr?id=Lxde2gdcFaM_bXvyHIhtp' failed: Error in connection establishment: net::ERR_CONNECTION_REFUSED @ http://localhost:3000/_next/static/chunks/node_modules_next_dist_client_0fhqo1d._.js:13299
[ 1943899ms] [ERROR] WebSocket connection to 'ws://localhost:3000/_next/webpack-hmr?id=Lxde2gdcFaM_bXvyHIhtp' failed: Error in connection establishment: net::ERR_CONNECTION_REFUSED @ http://localhost:3000/_next/static/chunks/node_modules_next_dist_client_0fhqo1d._.js:13299
[ 2502058ms] [ERROR] ./app/(dashboard)/dashboard/recognition/_components/recognition-form.tsx:691:4
Expected ',', got 'ident'
  689 |
  690 | 		<ShareDialog
> 691 | 			open={!!sharedCardId}
      | ^^^^
  692 | 			cardId={sharedCardId}
  693 | 			onClose={() => setSharedCardId(null)}
  694 | 		/>

Parsing ecmascript source code failed

Import trace:
  Server Component:
    ./app/(dashboard)/dashboard/recognition/_components/recognition-form.tsx
    ./app/(dashboard)/dashboard/recognition/create/page.tsx @ http://localhost:3000/_next/static/chunks/node_modules_next_dist_115brz8._.js:3272
[ 2502707ms] [ERROR] ./app/(dashboard)/dashboard/recognition/_components/recognition-form.tsx:691:4
Expected ',', got 'ident'
  689 |
  690 | 		<ShareDialog
> 691 | 			open={!!sharedCardId}
      | ^^^^
  692 | 			cardId={sharedCardId}
  693 | 			onClose={() => setSharedCardId(null)}
  694 | 		/>

Parsing ecmascript source code failed

Import trace:
  Server Component:
    ./app/(dashboard)/dashboard/recognition/_components/recognition-form.tsx
    ./app/(dashboard)/dashboard/recognition/create/page.tsx @ http://localhost:3000/_next/static/chunks/node_modules_next_dist_115brz8._.js:3272
[ 2502823ms] [ERROR] ./app/(dashboard)/dashboard/recognition/_components/recognition-form.tsx:691:4
Expected ',', got 'ident'
  689 |
  690 | 		<ShareDialog
> 691 | 			open={!!sharedCardId}
      | ^^^^
  692 | 			cardId={sharedCardId}
  693 | 			onClose={() => setSharedCardId(null)}
  694 | 		/>

Parsing ecmascript source code failed

Import trace:
  Server Component:
    ./app/(dashboard)/dashboard/recognition/_components/recognition-form.tsx
    ./app/(dashboard)/dashboard/recognition/create/page.tsx @ http://localhost:3000/_next/static/chunks/node_modules_next_dist_115brz8._.js:3272
[ 2502920ms] [ERROR] Failed to load resource: the server responded with a status of 500 (Internal Server Error) @ http://localhost:3000/dashboard?_rsc=15yng:0
[ 2503072ms] [ERROR] ./app/(dashboard)/dashboard/recognition/_components/recognition-form.tsx:691:4
Expected ',', got 'ident'
  689 |
  690 | 		<ShareDialog
> 691 | 			open={!!sharedCardId}
      | ^^^^
  692 | 			cardId={sharedCardId}
  693 | 			onClose={() => setSharedCardId(null)}
  694 | 		/>

Parsing ecmascript source code failed

Import trace:
  Server Component:
    ./app/(dashboard)/dashboard/recognition/_components/recognition-form.tsx
    ./app/(dashboard)/dashboard/recognition/create/page.tsx @ http://localhost:3000/_next/static/chunks/node_modules_next_dist_115brz8._.js:3272
[ 2503076ms] [ERROR] Failed to load resource: the server responded with a status of 500 (Internal Server Error) @ http://localhost:3000/dashboard:0
[ 2503659ms] Error: ./app/(dashboard)/dashboard/recognition/_components/recognition-form.tsx:691:4
Expected ',', got 'ident'
  689 |
  690 | 		<ShareDialog
> 691 | 			open={!!sharedCardId}
      | ^^^^
  692 | 			cardId={sharedCardId}
  693 | 			onClose={() => setSharedCardId(null)}
  694 | 		/>

Parsing ecmascript source code failed

Import trace:
  Server Component:
    ./app/(dashboard)/dashboard/recognition/_components/recognition-form.tsx
    ./app/(dashboard)/dashboard/recognition/create/page.tsx


    at <unknown> (Error: ./app/(dashboard)/dashboard/recognition/_components/recognition-form.tsx:691:4)
    at Object.getCompilationErrors (file:///Users/chrisgen19/projects/access-group-staff/node_modules/next/dist/server/dev/hot-reloader-turbopack.js:1189:59)
    at DevBundlerService.getCompilationError (file:///Users/chrisgen19/projects/access-group-staff/node_modules/next/dist/server/lib/dev-bundler-service.js:44:55)
    at DevServer.getCompilationError (file:///Users/chrisgen19/projects/access-group-staff/node_modules/next/dist/server/dev/next-dev-server.js:719:42)
    at DevServer.findPageComponents (file:///Users/chrisgen19/projects/access-group-staff/node_modules/next/dist/server/dev/next-dev-server.js:689:43)
    at async DevServer.renderErrorToResponseImpl (file:///Users/chrisgen19/projects/access-group-staff/node_modules/next/dist/server/base-server.js:1745:26)
[ 2503717ms] [ERROR] ./app/(dashboard)/dashboard/recognition/_components/recognition-form.tsx:691:4
Expected ',', got 'ident'
  689 |
  690 | 		<ShareDialog
> 691 | 			open={!!sharedCardId}
      | ^^^^
  692 | 			cardId={sharedCardId}
  693 | 			onClose={() => setSharedCardId(null)}
  694 | 		/>

Parsing ecmascript source code failed

Import trace:
  Server Component:
    ./app/(dashboard)/dashboard/recognition/_components/recognition-form.tsx
    ./app/(dashboard)/dashboard/recognition/create/page.tsx @ http://localhost:3000/_next/static/chunks/node_modules_next_dist_0u_w_5s._.js:1945
[ 2503720ms] [ERROR] ./app/(dashboard)/dashboard/recognition/_components/recognition-form.tsx:691:4
Expected ',', got 'ident'
  689 |
  690 | 		<ShareDialog
> 691 | 			open={!!sharedCardId}
      | ^^^^
  692 | 			cardId={sharedCardId}
  693 | 			onClose={() => setSharedCardId(null)}
  694 | 		/>

Parsing ecmascript source code failed

Import trace:
  Server Component:
    ./app/(dashboard)/dashboard/recognition/_components/recognition-form.tsx
    ./app/(dashboard)/dashboard/recognition/create/page.tsx @ http://localhost:3000/_next/static/chunks/node_modules_next_dist_0u_w_5s._.js:1945
[ 2503903ms] [ERROR] ./app/(dashboard)/dashboard/recognition/_components/recognition-form.tsx:691:4
Expected ',', got 'ident'
  689 |
  690 | 		<ShareDialog
> 691 | 			open={!!sharedCardId}
      | ^^^^
  692 | 			cardId={sharedCardId}
  693 | 			onClose={() => setSharedCardId(null)}
  694 | 		/>

Parsing ecmascript source code failed

Import trace:
  Server Component:
    ./app/(dashboard)/dashboard/recognition/_components/recognition-form.tsx
    ./app/(dashboard)/dashboard/recognition/create/page.tsx @ http://localhost:3000/_next/static/chunks/node_modules_next_dist_0u_w_5s._.js:1945
[ 2504070ms] [ERROR] ./app/(dashboard)/dashboard/recognition/_components/recognition-form.tsx:691:4
Expected ',', got 'ident'
  689 |
  690 | 		<ShareDialog
> 691 | 			open={!!sharedCardId}
      | ^^^^
  692 | 			cardId={sharedCardId}
  693 | 			onClose={() => setSharedCardId(null)}
  694 | 		/>

Parsing ecmascript source code failed

Import trace:
  Server Component:
    ./app/(dashboard)/dashboard/recognition/_components/recognition-form.tsx
    ./app/(dashboard)/dashboard/recognition/create/page.tsx @ http://localhost:3000/_next/static/chunks/node_modules_next_dist_0u_w_5s._.js:1945
[ 2505674ms] [ERROR] ./app/(dashboard)/dashboard/recognition/_components/recognition-form.tsx:691:4
Expected ',', got 'ident'
  689 |
  690 | 		<ShareDialog
> 691 | 			open={!!sharedCardId}
      | ^^^^
  692 | 			cardId={sharedCardId}
  693 | 			onClose={() => setSharedCardId(null)}
  694 | 		/>

Parsing ecmascript source code failed

Import trace:
  Server Component:
    ./app/(dashboard)/dashboard/recognition/_components/recognition-form.tsx
    ./app/(dashboard)/dashboard/recognition/create/page.tsx @ http://localhost:3000/_next/static/chunks/node_modules_next_dist_0u_w_5s._.js:1945
[ 2744687ms] [ERROR] WebSocket connection to 'ws://localhost:3000/_next/webpack-hmr?id=5RD6LYbSQg5sBBfBbHyyD' failed: Error in connection establishment: net::ERR_CONNECTION_REFUSED @ http://localhost:3000/_next/static/chunks/node_modules_next_dist_client_0fhqo1d._.js:13299
[ 2745690ms] [ERROR] WebSocket connection to 'ws://localhost:3000/_next/webpack-hmr?id=5RD6LYbSQg5sBBfBbHyyD' failed: Error in connection establishment: net::ERR_CONNECTION_REFUSED @ http://localhost:3000/_next/static/chunks/node_modules_next_dist_client_0fhqo1d._.js:13299
[ 2746692ms] [ERROR] WebSocket connection to 'ws://localhost:3000/_next/webpack-hmr?id=5RD6LYbSQg5sBBfBbHyyD' failed: Error in connection establishment: net::ERR_CONNECTION_REFUSED @ http://localhost:3000/_next/static/chunks/node_modules_next_dist_client_0fhqo1d._.js:13299
[ 2747694ms] [ERROR] WebSocket connection to 'ws://localhost:3000/_next/webpack-hmr?id=5RD6LYbSQg5sBBfBbHyyD' failed: Error in connection establishment: net::ERR_CONNECTION_REFUSED @ http://localhost:3000/_next/static/chunks/node_modules_next_dist_client_0fhqo1d._.js:13299
[ 2748697ms] [ERROR] WebSocket connection to 'ws://localhost:3000/_next/webpack-hmr?id=5RD6LYbSQg5sBBfBbHyyD' failed: Error in connection establishment: net::ERR_CONNECTION_REFUSED @ http://localhost:3000/_next/static/chunks/node_modules_next_dist_client_0fhqo1d._.js:13299
[ 2753703ms] [ERROR] WebSocket connection to 'ws://localhost:3000/_next/webpack-hmr?id=5RD6LYbSQg5sBBfBbHyyD' failed: Error in connection establishment: net::ERR_CONNECTION_REFUSED @ http://localhost:3000/_next/static/chunks/node_modules_next_dist_client_0fhqo1d._.js:13299
[ 2950979ms] [ERROR] ./app/recognition/[id]/page.tsx:217:4
Expected ',', got '{'
  215 | 			</div>
  216 |
> 217 | 			{/* Card 2 — Back */}
      | ^
  218 | 			<div className="w-full max-w-5xl bg-[#e6e7e8] p-4 md:p-8 relative shadow-2xl flex flex-col md:flex-row gap-4 ...
  219 | 				<div
  220 | 					className="absolute top-2 left-2 w-4 h-4 border-t border-l border-gray-400"

Parsing ecmascript source code failed @ http://localhost:3000/_next/static/chunks/node_modules_next_dist_115brz8._.js:3272
[ 2950979ms] [ERROR] ./app/recognition/[id]/page.tsx
Code generation for chunk item errored
An error occurred while generating the chunk item [project]/app/recognition/[id]/page.tsx [app-rsc] (ecmascript)

Caused by:
- CJS module can't be async.

Debug info:
- An error occurred while generating the chunk item [project]/app/recognition/[id]/page.tsx [app-rsc] (ecmascript)
- Execution of <EcmascriptModuleAsset as EcmascriptChunkPlaceable>::chunk_item_content failed
- Execution of EcmascriptChunkItemContent::new failed
- CJS module can't be async. @ http://localhost:3000/_next/static/chunks/node_modules_next_dist_115brz8._.js:3272
[ 2951062ms] [ERROR] ./app/recognition/[id]/page.tsx:217:4
Expected ',', got '{'
  215 | 			</div>
  216 |
> 217 | 			{/* Card 2 — Back */}
      | ^
  218 | 			<div className="w-full max-w-5xl bg-[#e6e7e8] p-4 md:p-8 relative shadow-2xl flex flex-col md:flex-row gap-4 ...
  219 | 				<div
  220 | 					className="absolute top-2 left-2 w-4 h-4 border-t border-l border-gray-400"

Parsing ecmascript source code failed @ http://localhost:3000/_next/static/chunks/node_modules_next_dist_115brz8._.js:3272
[ 2951063ms] [ERROR] ./app/recognition/[id]/page.tsx
Code generation for chunk item errored
An error occurred while generating the chunk item [project]/app/recognition/[id]/page.tsx [app-rsc] (ecmascript)

Caused by:
- CJS module can't be async.

Debug info:
- An error occurred while generating the chunk item [project]/app/recognition/[id]/page.tsx [app-rsc] (ecmascript)
- Execution of <EcmascriptModuleAsset as EcmascriptChunkPlaceable>::chunk_item_content failed
- Execution of EcmascriptChunkItemContent::new failed
- CJS module can't be async. @ http://localhost:3000/_next/static/chunks/node_modules_next_dist_115brz8._.js:3272
[ 2976433ms] [ERROR] ./app/recognition/[id]/page.tsx:343:4
Expected ',', got '{'
  341 | 			</div>
  342 |
> 343 | 			{/* Footer */}
      | ^
  344 | 			<div className="mt-8 text-center">
  345 | 				<p className="text-sm text-gray-500">
  346 | 					Powered by{" "}

Parsing ecmascript source code failed @ http://localhost:3000/_next/static/chunks/node_modules_next_dist_115brz8._.js:3272
[ 2976433ms] [ERROR] ./app/recognition/[id]/page.tsx
Code generation for chunk item errored
An error occurred while generating the chunk item [project]/app/recognition/[id]/page.tsx [app-rsc] (ecmascript)

Caused by:
- CJS module can't be async.

Debug info:
- An error occurred while generating the chunk item [project]/app/recognition/[id]/page.tsx [app-rsc] (ecmascript)
- Execution of <EcmascriptModuleAsset as EcmascriptChunkPlaceable>::chunk_item_content failed
- Execution of EcmascriptChunkItemContent::new failed
- CJS module can't be async. @ http://localhost:3000/_next/static/chunks/node_modules_next_dist_115brz8._.js:3272
