[    6969ms] [ERROR] Failed to load resource: the server responded with a status of 401 (UNAUTHORIZED) @ http://localhost:3000/api/auth/sign-in/email:0
[  164599ms] [ERROR] A tree hydrated but some attributes of the server rendered HTML didn't match the client properties. This won't be patched up. This can happen if a SSR-ed Client Component used:

- A server/client branch `if (typeof window !== 'undefined')`.
- Variable input such as `Date.now()` or `Math.random()` which changes each time it's called.
- Date formatting in a user's locale which doesn't match the server.
- External changing data without sending a snapshot of it along with the HTML.
- Invalid HTML tag nesting.

It can also happen if the client has a browser extension installed which messes with the HTML before React loaded.

%s%s https://react.dev/link/hydration-mismatch 

  ...
    <InnerScrollAndFocusHandlerOld focusAndScrollRef={{scrollRef:null, ...}} cacheNode={{rsc:{...}, ...}}>
      <ErrorBoundary errorComponent={undefined} errorStyles={undefined} errorScripts={undefined}>
        <LoadingBoundary name="profile/" loading={null}>
          <HTTPAccessFallbackBoundary notFound={undefined} forbidden={undefined} unauthorized={undefined}>
            <RedirectBoundary>
              <RedirectErrorBoundary router={{...}}>
                <InnerLayoutRouter url="/dashboard..." tree={[...]} params={{}} cacheNode={{rsc:{...}, ...}} ...>
                  <SegmentViewNode type="page" pagePath="(dashboard...">
                    <SegmentTrieNode>
                    <ProfilePage>
                      <ProfileForm user={{...}}>
                        <div className="max-w-2xl ...">
                          <div>
                          <div className="rounded-[2...">
                            <div>
                            <form onSubmit={function}>
                              <div className="px-8 py-6 ...">
                                <div className="grid grid-...">
                                  <div>
                                    <label>
                                    <input
                                      id="firstName"
+                                     className="block w-full rounded-xl border border-gray-200 dark:border-white/10 b..."
-                                     className="block w-full rounded-xl border border-gray-200 dark:border-white/10 b..."
                                      name="firstName"
                                      onChange={function onChange}
                                      onBlur={function onChange}
                                      ref={function ref}
                                    >
                                  <div>
                                    <label>
                                    <input
                                      id="lastName"
+                                     className="block w-full rounded-xl border border-gray-200 dark:border-white/10 b..."
-                                     className="block w-full rounded-xl border border-gray-200 dark:border-white/10 b..."
                                      name="lastName"
                                      onChange={function onChange}
                                      onBlur={function onChange}
                                      ref={function ref}
                                    >
                                <div>
                                  <label>
                                  <input
                                    id="displayName"
+                                   className="block w-full rounded-xl border border-gray-200 dark:border-white/10 bg-..."
-                                   className="block w-full rounded-xl border border-gray-200 dark:border-white/10 bg-..."
                                    name="displayName"
                                    onChange={function onChange}
                                    onBlur={function onChange}
                                    ref={function ref}
                                  >
                                <div className="grid grid-...">
                                  <div>
                                    <label>
                                    <input
                                      id="phone"
+                                     className="block w-full rounded-xl border border-gray-200 dark:border-white/10 b..."
-                                     className="block w-full rounded-xl border border-gray-200 dark:border-white/10 b..."
                                      name="phone"
                                      onChange={function onChange}
                                      onBlur={function onChange}
                                      ref={function ref}
                                    >
                                  <div>
                                    <label>
                                    <input
                                      id="position"
+                                     className="block w-full rounded-xl border border-gray-200 dark:border-white/10 b..."
-                                     className="block w-full rounded-xl border border-gray-200 dark:border-white/10 b..."
                                      name="position"
                                      onChange={function onChange}
                                      onBlur={function onChange}
                                      ref={function ref}
                                    >
                              <div className="px-8 py-6 ...">
                                <button
                                  type="submit"
                                  disabled={false}
+                                 className="inline-flex justify-center rounded-full bg-primary px-6 py-2.5 text-sm fo..."
-                                 className="inline-flex justify-center rounded-full bg-primary px-6 py-2.5 text-sm fo..."
                                >
                  ...
                ...
      ...
 @ http://localhost:3000/_next/static/chunks/node_modules_next_dist_115brz8._.js:3272
